🔄 Szerver monitor indítása...
❌ Szerver nem válaszol, újraindítás...
🚀 Szerver újraindítva
✅ 14:29:31 - Szerver működik: http://localhost:3333
✅ 14:29:42 - Szerver működik: http://localhost:3333
✅ 14:29:52 - Szerver működik: http://localhost:3333
✅ 14:30:02 - Szerver működik: http://localhost:3333
✅ 14:30:12 - Szerver működik: http://localhost:3333
✅ 14:30:22 - Szerver működik: http://localhost:3333
✅ 14:30:32 - Szerver működik: http://localhost:3333
✅ 14:30:42 - Szerver működik: http://localhost:3333
✅ 14:30:52 - Szerver működik: http://localhost:3333
✅ 14:31:02 - Szerver működik: http://localhost:3333
✅ 14:31:12 - Szerver működik: http://localhost:3333
✅ 14:31:23 - Szerver működik: http://localhost:3333
✅ 14:31:33 - Szerver működik: http://localhost:3333
✅ 14:31:43 - Szerver működik: http://localhost:3333
✅ 14:31:53 - Szerver működik: http://localhost:3333
✅ 14:32:03 - Szerver működik: http://localhost:3333
✅ 14:32:13 - Szerver működik: http://localhost:3333
✅ 14:32:23 - Szerver működik: http://localhost:3333
✅ 14:32:33 - Szerver működik: http://localhost:3333
✅ 14:32:43 - Szerver működik: http://localhost:3333
✅ 14:32:53 - Szerver működik: http://localhost:3333
✅ 14:33:04 - Szerver működik: http://localhost:3333
✅ 14:33:14 - Szerver működik: http://localhost:3333
✅ 14:33:24 - Szerver működik: http://localhost:3333
✅ 14:33:34 - Szerver működik: http://localhost:3333
✅ 14:33:44 - Szerver működik: http://localhost:3333
✅ 14:33:54 - Szerver működik: http://localhost:3333
✅ 14:34:04 - Szerver működik: http://localhost:3333
✅ 14:34:14 - Szerver működik: http://localhost:3333
✅ 14:34:24 - Szerver működik: http://localhost:3333
✅ 14:34:34 - Szerver működik: http://localhost:3333
✅ 14:34:44 - Szerver működik: http://localhost:3333
✅ 14:34:55 - Szerver működik: http://localhost:3333
✅ 14:35:05 - Szerver működik: http://localhost:3333
✅ 14:35:15 - Szerver működik: http://localhost:3333
✅ 14:35:25 - Szerver működik: http://localhost:3333
✅ 14:35:35 - Szerver működik: http://localhost:3333
✅ 14:35:45 - Szerver működik: http://localhost:3333
✅ 14:35:55 - Szerver működik: http://localhost:3333
✅ 14:36:05 - Szerver működik: http://localhost:3333
✅ 14:36:15 - Szerver működik: http://localhost:3333
✅ 14:36:25 - Szerver működik: http://localhost:3333
✅ 14:36:35 - Szerver működik: http://localhost:3333
✅ 14:36:46 - Szerver működik: http://localhost:3333
✅ 14:36:56 - Szerver működik: http://localhost:3333
✅ 14:37:06 - Szerver működik: http://localhost:3333
✅ 14:37:16 - Szerver működik: http://localhost:3333
✅ 14:37:26 - Szerver működik: http://localhost:3333
✅ 14:37:36 - Szerver működik: http://localhost:3333
✅ 14:37:46 - Szerver működik: http://localhost:3333
✅ 14:37:57 - Szerver működik: http://localhost:3333
✅ 14:38:07 - Szerver működik: http://localhost:3333
✅ 14:38:17 - Szerver működik: http://localhost:3333
✅ 14:38:27 - Szerver működik: http://localhost:3333
✅ 14:38:37 - Szerver működik: http://localhost:3333
✅ 14:38:47 - Szerver működik: http://localhost:3333
✅ 14:38:57 - Szerver működik: http://localhost:3333
✅ 14:39:07 - Szerver működik: http://localhost:3333
✅ 14:39:17 - Szerver működik: http://localhost:3333
✅ 14:39:27 - Szerver működik: http://localhost:3333
✅ 14:39:37 - Szerver működik: http://localhost:3333
✅ 14:39:47 - Szerver működik: http://localhost:3333
✅ 14:39:58 - Szerver működik: http://localhost:3333
✅ 14:40:08 - Szerver működik: http://localhost:3333
✅ 14:40:18 - Szerver működik: http://localhost:3333
✅ 14:40:28 - Szerver működik: http://localhost:3333
✅ 14:40:38 - Szerver működik: http://localhost:3333
✅ 14:40:48 - Szerver működik: http://localhost:3333
✅ 14:40:58 - Szerver működik: http://localhost:3333
✅ 14:41:08 - Szerver működik: http://localhost:3333
✅ 14:41:18 - Szerver működik: http://localhost:3333
✅ 14:41:28 - Szerver működik: http://localhost:3333
✅ 14:41:38 - Szerver működik: http://localhost:3333
✅ 14:41:48 - Szerver működik: http://localhost:3333
✅ 14:41:59 - Szerver működik: http://localhost:3333
✅ 14:42:09 - Szerver működik: http://localhost:3333
✅ 14:42:19 - Szerver működik: http://localhost:3333
✅ 14:42:29 - Szerver működik: http://localhost:3333
✅ 14:42:39 - Szerver működik: http://localhost:3333
✅ 14:42:49 - Szerver működik: http://localhost:3333
✅ 14:42:59 - Szerver működik: http://localhost:3333
✅ 14:43:09 - Szerver működik: http://localhost:3333
✅ 14:43:19 - Szerver működik: http://localhost:3333
✅ 14:43:29 - Szerver működik: http://localhost:3333
✅ 14:43:39 - Szerver működik: http://localhost:3333
✅ 14:43:50 - Szerver működik: http://localhost:3333
✅ 14:44:00 - Szerver működik: http://localhost:3333
✅ 14:44:10 - Szerver működik: http://localhost:3333
✅ 14:44:20 - Szerver működik: http://localhost:3333
✅ 14:44:30 - Szerver működik: http://localhost:3333
✅ 14:44:41 - Szerver működik: http://localhost:3333
✅ 14:44:51 - Szerver működik: http://localhost:3333
✅ 14:45:01 - Szerver működik: http://localhost:3333
✅ 14:45:11 - Szerver működik: http://localhost:3333
✅ 14:45:21 - Szerver működik: http://localhost:3333
✅ 14:45:31 - Szerver működik: http://localhost:3333
✅ 14:45:41 - Szerver működik: http://localhost:3333
✅ 14:45:51 - Szerver működik: http://localhost:3333
✅ 14:46:01 - Szerver működik: http://localhost:3333
✅ 14:46:12 - Szerver működik: http://localhost:3333
✅ 14:46:22 - Szerver működik: http://localhost:3333
✅ 14:46:32 - Szerver működik: http://localhost:3333
✅ 14:46:42 - Szerver működik: http://localhost:3333
✅ 14:46:52 - Szerver működik: http://localhost:3333
✅ 14:47:03 - Szerver működik: http://localhost:3333
✅ 14:47:13 - Szerver működik: http://localhost:3333
✅ 14:47:23 - Szerver működik: http://localhost:3333
✅ 14:47:33 - Szerver működik: http://localhost:3333
✅ 14:47:43 - Szerver működik: http://localhost:3333
✅ 14:47:54 - Szerver működik: http://localhost:3333
✅ 14:48:04 - Szerver működik: http://localhost:3333
✅ 14:48:14 - Szerver működik: http://localhost:3333
✅ 14:48:24 - Szerver működik: http://localhost:3333
✅ 14:48:34 - Szerver működik: http://localhost:3333
✅ 14:48:44 - Szerver működik: http://localhost:3333
✅ 14:48:54 - Szerver működik: http://localhost:3333
✅ 14:49:05 - Szerver működik: http://localhost:3333
✅ 14:49:15 - Szerver működik: http://localhost:3333
✅ 14:49:25 - Szerver működik: http://localhost:3333
✅ 14:49:35 - Szerver működik: http://localhost:3333
✅ 14:49:45 - Szerver működik: http://localhost:3333
✅ 14:49:55 - Szerver működik: http://localhost:3333
✅ 14:50:05 - Szerver működik: http://localhost:3333
✅ 14:50:15 - Szerver működik: http://localhost:3333
✅ 14:50:25 - Szerver működik: http://localhost:3333
✅ 14:50:36 - Szerver működik: http://localhost:3333
✅ 14:50:46 - Szerver működik: http://localhost:3333
✅ 14:50:56 - Szerver működik: http://localhost:3333
✅ 14:51:06 - Szerver működik: http://localhost:3333
✅ 14:51:16 - Szerver működik: http://localhost:3333
✅ 14:51:26 - Szerver működik: http://localhost:3333
✅ 14:51:36 - Szerver működik: http://localhost:3333
✅ 14:51:46 - Szerver működik: http://localhost:3333
✅ 14:51:56 - Szerver működik: http://localhost:3333
✅ 14:52:06 - Szerver működik: http://localhost:3333
✅ 14:52:16 - Szerver működik: http://localhost:3333
✅ 14:52:27 - Szerver működik: http://localhost:3333
✅ 14:52:37 - Szerver működik: http://localhost:3333
✅ 14:52:47 - Szerver működik: http://localhost:3333
✅ 14:52:57 - Szerver működik: http://localhost:3333
✅ 14:53:07 - Szerver működik: http://localhost:3333
✅ 14:53:17 - Szerver működik: http://localhost:3333
✅ 14:53:27 - Szerver működik: http://localhost:3333
✅ 14:53:37 - Szerver működik: http://localhost:3333
✅ 14:53:47 - Szerver működik: http://localhost:3333
✅ 14:53:57 - Szerver működik: http://localhost:3333
✅ 14:54:07 - Szerver működik: http://localhost:3333
✅ 14:54:18 - Szerver működik: http://localhost:3333
✅ 14:54:28 - Szerver működik: http://localhost:3333
✅ 14:54:38 - Szerver működik: http://localhost:3333
✅ 14:54:48 - Szerver működik: http://localhost:3333
✅ 14:54:58 - Szerver működik: http://localhost:3333
✅ 14:55:08 - Szerver működik: http://localhost:3333
✅ 14:55:18 - Szerver működik: http://localhost:3333
✅ 14:55:28 - Szerver működik: http://localhost:3333
✅ 14:55:38 - Szerver működik: http://localhost:3333
✅ 14:55:48 - Szerver működik: http://localhost:3333
✅ 14:55:59 - Szerver működik: http://localhost:3333
✅ 14:56:09 - Szerver működik: http://localhost:3333
✅ 14:56:19 - Szerver működik: http://localhost:3333
✅ 14:56:29 - Szerver működik: http://localhost:3333
✅ 14:56:39 - Szerver működik: http://localhost:3333
✅ 14:56:49 - Szerver működik: http://localhost:3333
✅ 14:56:59 - Szerver működik: http://localhost:3333
✅ 14:57:09 - Szerver működik: http://localhost:3333
✅ 14:57:19 - Szerver működik: http://localhost:3333
✅ 14:57:30 - Szerver működik: http://localhost:3333
✅ 14:57:40 - Szerver működik: http://localhost:3333
✅ 14:57:50 - Szerver működik: http://localhost:3333
✅ 14:58:00 - Szerver működik: http://localhost:3333
✅ 14:58:10 - Szerver működik: http://localhost:3333
✅ 14:58:21 - Szerver működik: http://localhost:3333
✅ 14:58:31 - Szerver működik: http://localhost:3333
✅ 14:58:41 - Szerver működik: http://localhost:3333
✅ 14:58:52 - Szerver működik: http://localhost:3333
✅ 14:59:04 - Szerver működik: http://localhost:3333
✅ 14:59:14 - Szerver működik: http://localhost:3333
✅ 14:59:24 - Szerver működik: http://localhost:3333
✅ 14:59:34 - Szerver működik: http://localhost:3333
✅ 14:59:44 - Szerver működik: http://localhost:3333
✅ 14:59:54 - Szerver működik: http://localhost:3333
✅ 15:00:04 - Szerver működik: http://localhost:3333
✅ 15:00:14 - Szerver működik: http://localhost:3333
✅ 15:00:25 - Szerver működik: http://localhost:3333
✅ 15:00:35 - Szerver működik: http://localhost:3333
✅ 15:00:45 - Szerver működik: http://localhost:3333
✅ 15:00:55 - Szerver működik: http://localhost:3333
✅ 15:01:05 - Szerver működik: http://localhost:3333
✅ 15:01:15 - Szerver működik: http://localhost:3333
✅ 15:01:25 - Szerver működik: http://localhost:3333
✅ 15:01:35 - Szerver működik: http://localhost:3333
✅ 15:01:45 - Szerver működik: http://localhost:3333
✅ 15:01:56 - Szerver működik: http://localhost:3333
✅ 15:02:06 - Szerver működik: http://localhost:3333
✅ 15:02:16 - Szerver működik: http://localhost:3333
✅ 15:02:26 - Szerver működik: http://localhost:3333
✅ 15:02:36 - Szerver működik: http://localhost:3333
✅ 15:02:46 - Szerver működik: http://localhost:3333
✅ 15:02:56 - Szerver működik: http://localhost:3333
✅ 15:03:06 - Szerver működik: http://localhost:3333
✅ 15:03:16 - Szerver működik: http://localhost:3333
✅ 15:03:26 - Szerver működik: http://localhost:3333
✅ 15:03:37 - Szerver működik: http://localhost:3333
✅ 15:03:47 - Szerver működik: http://localhost:3333
✅ 15:03:57 - Szerver működik: http://localhost:3333
✅ 15:04:07 - Szerver működik: http://localhost:3333
✅ 15:04:17 - Szerver működik: http://localhost:3333
✅ 15:04:28 - Szerver működik: http://localhost:3333
✅ 15:04:38 - Szerver működik: http://localhost:3333
✅ 15:04:48 - Szerver működik: http://localhost:3333
✅ 15:04:58 - Szerver működik: http://localhost:3333
✅ 15:05:08 - Szerver működik: http://localhost:3333
✅ 15:05:18 - Szerver működik: http://localhost:3333
✅ 15:05:28 - Szerver működik: http://localhost:3333
✅ 15:05:39 - Szerver működik: http://localhost:3333
✅ 15:05:49 - Szerver működik: http://localhost:3333
✅ 15:05:59 - Szerver működik: http://localhost:3333
✅ 15:06:09 - Szerver működik: http://localhost:3333
✅ 15:06:19 - Szerver működik: http://localhost:3333
✅ 15:06:30 - Szerver működik: http://localhost:3333
✅ 15:06:40 - Szerver működik: http://localhost:3333
✅ 15:06:50 - Szerver működik: http://localhost:3333
✅ 15:07:00 - Szerver működik: http://localhost:3333
✅ 15:07:11 - Szerver működik: http://localhost:3333
✅ 15:07:21 - Szerver működik: http://localhost:3333
✅ 15:07:31 - Szerver működik: http://localhost:3333
✅ 15:07:41 - Szerver működik: http://localhost:3333
✅ 15:07:51 - Szerver működik: http://localhost:3333
✅ 15:08:01 - Szerver működik: http://localhost:3333
✅ 15:08:11 - Szerver működik: http://localhost:3333
✅ 15:08:22 - Szerver működik: http://localhost:3333
✅ 15:08:32 - Szerver működik: http://localhost:3333
✅ 15:08:42 - Szerver működik: http://localhost:3333
✅ 15:08:52 - Szerver működik: http://localhost:3333
✅ 15:09:02 - Szerver működik: http://localhost:3333
✅ 15:09:12 - Szerver működik: http://localhost:3333
✅ 15:09:22 - Szerver működik: http://localhost:3333
✅ 15:09:32 - Szerver működik: http://localhost:3333
✅ 15:09:42 - Szerver működik: http://localhost:3333
✅ 15:09:52 - Szerver működik: http://localhost:3333
✅ 15:10:03 - Szerver működik: http://localhost:3333
✅ 15:10:13 - Szerver működik: http://localhost:3333
✅ 15:10:23 - Szerver működik: http://localhost:3333
✅ 15:10:33 - Szerver működik: http://localhost:3333
✅ 15:10:43 - Szerver működik: http://localhost:3333
✅ 15:10:53 - Szerver működik: http://localhost:3333
✅ 15:11:03 - Szerver működik: http://localhost:3333
✅ 15:11:13 - Szerver működik: http://localhost:3333
✅ 15:11:23 - Szerver működik: http://localhost:3333
✅ 15:11:34 - Szerver működik: http://localhost:3333
✅ 15:11:44 - Szerver működik: http://localhost:3333
✅ 15:11:54 - Szerver működik: http://localhost:3333
✅ 15:12:04 - Szerver működik: http://localhost:3333
✅ 15:12:14 - Szerver működik: http://localhost:3333
✅ 15:12:24 - Szerver működik: http://localhost:3333
✅ 15:12:34 - Szerver működik: http://localhost:3333
✅ 15:12:44 - Szerver működik: http://localhost:3333
✅ 15:12:54 - Szerver működik: http://localhost:3333
✅ 15:13:04 - Szerver működik: http://localhost:3333
✅ 15:13:15 - Szerver működik: http://localhost:3333
✅ 15:13:25 - Szerver működik: http://localhost:3333
✅ 15:13:35 - Szerver működik: http://localhost:3333
✅ 15:13:45 - Szerver működik: http://localhost:3333
✅ 15:13:55 - Szerver működik: http://localhost:3333
✅ 15:14:05 - Szerver működik: http://localhost:3333
✅ 15:14:15 - Szerver működik: http://localhost:3333
✅ 15:14:25 - Szerver működik: http://localhost:3333
✅ 15:14:35 - Szerver működik: http://localhost:3333
✅ 15:14:45 - Szerver működik: http://localhost:3333
✅ 15:14:55 - Szerver működik: http://localhost:3333
✅ 15:15:06 - Szerver működik: http://localhost:3333
✅ 15:15:16 - Szerver működik: http://localhost:3333
✅ 15:15:26 - Szerver működik: http://localhost:3333
✅ 15:15:36 - Szerver működik: http://localhost:3333
✅ 15:15:46 - Szerver működik: http://localhost:3333
✅ 15:15:56 - Szerver működik: http://localhost:3333
✅ 15:16:06 - Szerver működik: http://localhost:3333
✅ 15:16:16 - Szerver működik: http://localhost:3333
✅ 15:16:26 - Szerver működik: http://localhost:3333
✅ 15:16:36 - Szerver működik: http://localhost:3333
✅ 15:16:46 - Szerver működik: http://localhost:3333
✅ 15:16:57 - Szerver működik: http://localhost:3333
✅ 15:17:07 - Szerver működik: http://localhost:3333
✅ 15:17:17 - Szerver működik: http://localhost:3333
✅ 15:17:27 - Szerver működik: http://localhost:3333
✅ 15:17:37 - Szerver működik: http://localhost:3333
✅ 15:17:47 - Szerver működik: http://localhost:3333
✅ 15:17:57 - Szerver működik: http://localhost:3333
✅ 15:18:07 - Szerver működik: http://localhost:3333
✅ 15:18:17 - Szerver működik: http://localhost:3333
✅ 15:18:27 - Szerver működik: http://localhost:3333
✅ 15:18:39 - Szerver működik: http://localhost:3333
✅ 15:18:49 - Szerver működik: http://localhost:3333
✅ 15:18:59 - Szerver működik: http://localhost:3333
✅ 15:19:09 - Szerver működik: http://localhost:3333
✅ 15:19:19 - Szerver működik: http://localhost:3333
✅ 15:19:30 - Szerver működik: http://localhost:3333
✅ 15:19:40 - Szerver működik: http://localhost:3333
✅ 15:19:51 - Szerver működik: http://localhost:3333
✅ 15:20:01 - Szerver működik: http://localhost:3333
✅ 15:20:11 - Szerver működik: http://localhost:3333
✅ 15:20:21 - Szerver működik: http://localhost:3333
✅ 15:20:31 - Szerver működik: http://localhost:3333
✅ 15:20:41 - Szerver működik: http://localhost:3333
✅ 15:20:51 - Szerver működik: http://localhost:3333
✅ 15:21:01 - Szerver működik: http://localhost:3333
✅ 15:21:11 - Szerver működik: http://localhost:3333
✅ 15:21:22 - Szerver működik: http://localhost:3333
✅ 15:21:32 - Szerver működik: http://localhost:3333
✅ 15:21:42 - Szerver működik: http://localhost:3333
✅ 15:21:52 - Szerver működik: http://localhost:3333
✅ 15:22:02 - Szerver működik: http://localhost:3333
✅ 15:22:13 - Szerver működik: http://localhost:3333
✅ 15:22:23 - Szerver működik: http://localhost:3333
✅ 15:22:33 - Szerver működik: http://localhost:3333
✅ 15:22:43 - Szerver működik: http://localhost:3333
✅ 15:22:53 - Szerver működik: http://localhost:3333
✅ 15:23:04 - Szerver működik: http://localhost:3333
✅ 15:23:14 - Szerver működik: http://localhost:3333
✅ 15:23:24 - Szerver működik: http://localhost:3333
✅ 15:23:34 - Szerver működik: http://localhost:3333
✅ 15:23:44 - Szerver működik: http://localhost:3333
✅ 15:23:54 - Szerver működik: http://localhost:3333
✅ 15:24:07 - Szerver működik: http://localhost:3333
✅ 15:24:17 - Szerver működik: http://localhost:3333
✅ 15:24:27 - Szerver működik: http://localhost:3333
✅ 15:24:37 - Szerver működik: http://localhost:3333
✅ 15:24:47 - Szerver működik: http://localhost:3333
✅ 15:24:57 - Szerver működik: http://localhost:3333
✅ 15:25:07 - Szerver működik: http://localhost:3333
✅ 15:25:18 - Szerver működik: http://localhost:3333
✅ 15:25:28 - Szerver működik: http://localhost:3333
✅ 15:25:38 - Szerver működik: http://localhost:3333
✅ 15:25:48 - Szerver működik: http://localhost:3333
✅ 15:25:58 - Szerver működik: http://localhost:3333
✅ 15:26:08 - Szerver működik: http://localhost:3333
✅ 15:26:18 - Szerver működik: http://localhost:3333
✅ 15:26:28 - Szerver működik: http://localhost:3333
✅ 15:26:38 - Szerver működik: http://localhost:3333
✅ 15:26:48 - Szerver működik: http://localhost:3333
✅ 15:26:58 - Szerver működik: http://localhost:3333
✅ 15:27:08 - Szerver működik: http://localhost:3333
✅ 15:27:19 - Szerver működik: http://localhost:3333
✅ 15:27:29 - Szerver működik: http://localhost:3333
✅ 15:27:39 - Szerver működik: http://localhost:3333
✅ 15:27:49 - Szerver működik: http://localhost:3333
✅ 15:27:59 - Szerver működik: http://localhost:3333
✅ 15:28:09 - Szerver működik: http://localhost:3333
✅ 15:28:19 - Szerver működik: http://localhost:3333
✅ 15:28:29 - Szerver működik: http://localhost:3333
✅ 15:28:39 - Szerver működik: http://localhost:3333
✅ 15:28:49 - Szerver működik: http://localhost:3333
✅ 15:28:59 - Szerver működik: http://localhost:3333
✅ 15:29:09 - Szerver működik: http://localhost:3333
✅ 15:29:20 - Szerver működik: http://localhost:3333
✅ 15:29:30 - Szerver működik: http://localhost:3333
✅ 15:29:40 - Szerver működik: http://localhost:3333
✅ 15:29:50 - Szerver működik: http://localhost:3333
✅ 15:30:00 - Szerver működik: http://localhost:3333
✅ 15:30:10 - Szerver működik: http://localhost:3333
✅ 15:30:20 - Szerver működik: http://localhost:3333
✅ 15:30:30 - Szerver működik: http://localhost:3333
✅ 15:30:40 - Szerver működik: http://localhost:3333
✅ 15:30:50 - Szerver működik: http://localhost:3333
✅ 15:31:01 - Szerver működik: http://localhost:3333
✅ 15:31:11 - Szerver működik: http://localhost:3333
✅ 15:31:21 - Szerver működik: http://localhost:3333
✅ 15:31:31 - Szerver működik: http://localhost:3333
✅ 15:31:41 - Szerver működik: http://localhost:3333
✅ 15:31:51 - Szerver működik: http://localhost:3333
✅ 15:32:01 - Szerver működik: http://localhost:3333
✅ 15:32:11 - Szerver működik: http://localhost:3333
✅ 15:32:21 - Szerver működik: http://localhost:3333
✅ 15:32:31 - Szerver működik: http://localhost:3333
✅ 15:32:42 - Szerver működik: http://localhost:3333
✅ 15:32:52 - Szerver működik: http://localhost:3333
✅ 15:33:02 - Szerver működik: http://localhost:3333
✅ 15:33:12 - Szerver működik: http://localhost:3333
✅ 15:33:22 - Szerver működik: http://localhost:3333
✅ 15:33:32 - Szerver működik: http://localhost:3333
✅ 15:33:42 - Szerver működik: http://localhost:3333
✅ 15:33:52 - Szerver működik: http://localhost:3333
✅ 15:34:02 - Szerver működik: http://localhost:3333
✅ 15:34:12 - Szerver működik: http://localhost:3333
✅ 15:34:23 - Szerver működik: http://localhost:3333
✅ 15:34:33 - Szerver működik: http://localhost:3333
✅ 15:34:43 - Szerver működik: http://localhost:3333
✅ 15:34:53 - Szerver működik: http://localhost:3333
✅ 15:35:03 - Szerver működik: http://localhost:3333
✅ 15:35:13 - Szerver működik: http://localhost:3333
✅ 15:35:23 - Szerver működik: http://localhost:3333
✅ 15:35:33 - Szerver működik: http://localhost:3333
✅ 15:35:43 - Szerver működik: http://localhost:3333
✅ 15:35:53 - Szerver működik: http://localhost:3333
✅ 15:36:03 - Szerver működik: http://localhost:3333
✅ 15:36:14 - Szerver működik: http://localhost:3333
✅ 15:36:24 - Szerver működik: http://localhost:3333
✅ 15:36:34 - Szerver működik: http://localhost:3333
✅ 15:36:44 - Szerver működik: http://localhost:3333
✅ 15:36:54 - Szerver működik: http://localhost:3333
✅ 15:37:04 - Szerver működik: http://localhost:3333
✅ 15:37:14 - Szerver működik: http://localhost:3333
✅ 15:37:24 - Szerver működik: http://localhost:3333
✅ 15:37:34 - Szerver működik: http://localhost:3333
✅ 15:37:44 - Szerver működik: http://localhost:3333
✅ 15:37:54 - Szerver működik: http://localhost:3333
✅ 15:38:05 - Szerver működik: http://localhost:3333
✅ 15:38:15 - Szerver működik: http://localhost:3333
✅ 15:38:25 - Szerver működik: http://localhost:3333
✅ 15:38:35 - Szerver működik: http://localhost:3333
✅ 15:38:45 - Szerver működik: http://localhost:3333
✅ 15:38:55 - Szerver működik: http://localhost:3333
✅ 15:39:05 - Szerver működik: http://localhost:3333
✅ 15:39:15 - Szerver működik: http://localhost:3333
✅ 15:39:25 - Szerver működik: http://localhost:3333
✅ 15:39:36 - Szerver működik: http://localhost:3333
✅ 15:39:46 - Szerver működik: http://localhost:3333
✅ 15:39:56 - Szerver működik: http://localhost:3333
✅ 15:40:06 - Szerver működik: http://localhost:3333
✅ 15:40:16 - Szerver működik: http://localhost:3333
✅ 15:40:26 - Szerver működik: http://localhost:3333
✅ 15:40:36 - Szerver működik: http://localhost:3333
✅ 15:40:46 - Szerver működik: http://localhost:3333
✅ 15:40:56 - Szerver működik: http://localhost:3333
✅ 15:41:07 - Szerver működik: http://localhost:3333
✅ 15:41:17 - Szerver működik: http://localhost:3333
✅ 15:41:27 - Szerver működik: http://localhost:3333
✅ 15:41:37 - Szerver működik: http://localhost:3333
✅ 15:41:47 - Szerver működik: http://localhost:3333
✅ 15:41:57 - Szerver működik: http://localhost:3333
✅ 15:42:07 - Szerver működik: http://localhost:3333
✅ 15:42:17 - Szerver működik: http://localhost:3333
✅ 15:42:27 - Szerver működik: http://localhost:3333
❌ Szerver nem válaszol, újraindítás...
🚀 Szerver újraindítva
✅ 15:43:00 - Szerver működik: http://localhost:3333
✅ 15:43:10 - Szerver működik: http://localhost:3333
✅ 15:43:20 - Szerver működik: http://localhost:3333
✅ 15:43:31 - Szerver működik: http://localhost:3333
❌ Szerver nem válaszol, újraindítás...
🚀 Szerver újraindítva
✅ 15:44:05 - Szerver működik: http://localhost:3333
✅ 15:44:15 - Szerver működik: http://localhost:3333
✅ 15:44:25 - Szerver működik: http://localhost:3333
❌ Szerver nem válaszol, újraindítás...
🚀 Szerver újraindítva
✅ 15:44:56 - Szerver működik: http://localhost:3333
✅ 15:45:06 - Szerver működik: http://localhost:3333
✅ 15:45:16 - Szerver működik: http://localhost:3333
✅ 15:45:27 - Szerver működik: http://localhost:3333
✅ 15:45:37 - Szerver működik: http://localhost:3333
✅ 15:45:47 - Szerver működik: http://localhost:3333
✅ 15:45:57 - Szerver működik: http://localhost:3333
✅ 15:46:07 - Szerver működik: http://localhost:3333
✅ 15:46:17 - Szerver működik: http://localhost:3333
✅ 15:46:27 - Szerver működik: http://localhost:3333
✅ 15:46:37 - Szerver működik: http://localhost:3333
✅ 15:46:47 - Szerver működik: http://localhost:3333
✅ 15:46:58 - Szerver működik: http://localhost:3333
✅ 15:47:08 - Szerver működik: http://localhost:3333
✅ 15:47:18 - Szerver működik: http://localhost:3333
✅ 15:47:28 - Szerver működik: http://localhost:3333
✅ 15:47:38 - Szerver működik: http://localhost:3333
✅ 15:47:48 - Szerver működik: http://localhost:3333
✅ 15:47:58 - Szerver működik: http://localhost:3333
✅ 15:48:08 - Szerver működik: http://localhost:3333
✅ 15:48:18 - Szerver működik: http://localhost:3333
✅ 15:48:28 - Szerver működik: http://localhost:3333
✅ 15:48:39 - Szerver működik: http://localhost:3333
✅ 15:48:49 - Szerver működik: http://localhost:3333
✅ 15:48:59 - Szerver működik: http://localhost:3333
✅ 15:49:09 - Szerver működik: http://localhost:3333
✅ 15:49:19 - Szerver működik: http://localhost:3333
✅ 15:49:29 - Szerver működik: http://localhost:3333
✅ 15:49:40 - Szerver működik: http://localhost:3333
✅ 15:49:50 - Szerver működik: http://localhost:3333
✅ 15:50:00 - Szerver működik: http://localhost:3333
✅ 15:50:10 - Szerver működik: http://localhost:3333
✅ 15:50:20 - Szerver működik: http://localhost:3333
✅ 15:50:30 - Szerver működik: http://localhost:3333
✅ 15:50:40 - Szerver működik: http://localhost:3333
✅ 15:50:50 - Szerver működik: http://localhost:3333
✅ 15:51:00 - Szerver működik: http://localhost:3333
✅ 15:51:11 - Szerver működik: http://localhost:3333
✅ 15:51:21 - Szerver működik: http://localhost:3333
✅ 15:51:31 - Szerver működik: http://localhost:3333
✅ 15:51:41 - Szerver működik: http://localhost:3333
✅ 15:51:51 - Szerver működik: http://localhost:3333
✅ 15:52:01 - Szerver működik: http://localhost:3333
✅ 15:52:11 - Szerver működik: http://localhost:3333
✅ 15:52:21 - Szerver működik: http://localhost:3333
✅ 15:52:31 - Szerver működik: http://localhost:3333
✅ 15:52:42 - Szerver működik: http://localhost:3333
✅ 15:52:52 - Szerver működik: http://localhost:3333
✅ 15:53:02 - Szerver működik: http://localhost:3333
✅ 15:53:12 - Szerver működik: http://localhost:3333
✅ 15:53:22 - Szerver működik: http://localhost:3333
✅ 15:53:32 - Szerver működik: http://localhost:3333
✅ 15:53:42 - Szerver működik: http://localhost:3333
✅ 15:53:52 - Szerver működik: http://localhost:3333
✅ 15:54:03 - Szerver működik: http://localhost:3333
✅ 15:54:13 - Szerver működik: http://localhost:3333
✅ 15:54:23 - Szerver működik: http://localhost:3333
✅ 15:54:33 - Szerver működik: http://localhost:3333
✅ 15:54:43 - Szerver működik: http://localhost:3333
✅ 15:54:53 - Szerver működik: http://localhost:3333
✅ 15:55:03 - Szerver működik: http://localhost:3333
✅ 15:55:13 - Szerver működik: http://localhost:3333
✅ 15:55:23 - Szerver működik: http://localhost:3333
✅ 15:55:33 - Szerver működik: http://localhost:3333
✅ 15:55:44 - Szerver működik: http://localhost:3333
✅ 15:55:54 - Szerver működik: http://localhost:3333
✅ 15:56:04 - Szerver működik: http://localhost:3333
✅ 15:56:14 - Szerver működik: http://localhost:3333
✅ 15:56:24 - Szerver működik: http://localhost:3333
✅ 15:56:35 - Szerver működik: http://localhost:3333
✅ 15:56:45 - Szerver működik: http://localhost:3333
✅ 15:56:55 - Szerver működik: http://localhost:3333
✅ 15:57:06 - Szerver működik: http://localhost:3333
✅ 15:57:16 - Szerver működik: http://localhost:3333
✅ 15:57:26 - Szerver működik: http://localhost:3333
✅ 15:57:36 - Szerver működik: http://localhost:3333
✅ 15:57:46 - Szerver működik: http://localhost:3333
✅ 15:57:56 - Szerver működik: http://localhost:3333
✅ 15:58:06 - Szerver működik: http://localhost:3333
✅ 15:58:16 - Szerver működik: http://localhost:3333
✅ 15:58:26 - Szerver működik: http://localhost:3333
✅ 15:58:37 - Szerver működik: http://localhost:3333
✅ 15:58:47 - Szerver működik: http://localhost:3333
✅ 15:58:57 - Szerver működik: http://localhost:3333
✅ 15:59:07 - Szerver működik: http://localhost:3333
✅ 15:59:17 - Szerver működik: http://localhost:3333
✅ 15:59:27 - Szerver működik: http://localhost:3333
✅ 15:59:37 - Szerver működik: http://localhost:3333
✅ 15:59:47 - Szerver működik: http://localhost:3333
✅ 15:59:58 - Szerver működik: http://localhost:3333
✅ 16:00:08 - Szerver működik: http://localhost:3333
✅ 16:00:18 - Szerver működik: http://localhost:3333
✅ 16:00:28 - Szerver működik: http://localhost:3333
✅ 16:00:38 - Szerver működik: http://localhost:3333
✅ 16:00:48 - Szerver működik: http://localhost:3333
✅ 16:00:58 - Szerver működik: http://localhost:3333
✅ 16:01:08 - Szerver működik: http://localhost:3333
✅ 16:01:18 - Szerver működik: http://localhost:3333
✅ 16:01:28 - Szerver működik: http://localhost:3333
✅ 16:01:38 - Szerver működik: http://localhost:3333
✅ 16:01:48 - Szerver működik: http://localhost:3333
✅ 16:01:59 - Szerver működik: http://localhost:3333
✅ 16:02:09 - Szerver működik: http://localhost:3333
✅ 16:02:19 - Szerver működik: http://localhost:3333
✅ 16:02:29 - Szerver működik: http://localhost:3333
✅ 16:02:39 - Szerver működik: http://localhost:3333
✅ 16:02:49 - Szerver működik: http://localhost:3333
✅ 16:02:59 - Szerver működik: http://localhost:3333
✅ 16:03:09 - Szerver működik: http://localhost:3333
✅ 16:03:20 - Szerver működik: http://localhost:3333
✅ 16:03:30 - Szerver működik: http://localhost:3333
✅ 16:03:40 - Szerver működik: http://localhost:3333
✅ 16:03:50 - Szerver működik: http://localhost:3333
✅ 16:04:00 - Szerver működik: http://localhost:3333
✅ 16:04:10 - Szerver működik: http://localhost:3333
✅ 16:04:20 - Szerver működik: http://localhost:3333
✅ 16:04:30 - Szerver működik: http://localhost:3333
✅ 16:04:40 - Szerver működik: http://localhost:3333
✅ 16:04:50 - Szerver működik: http://localhost:3333
✅ 16:05:01 - Szerver működik: http://localhost:3333
✅ 16:05:11 - Szerver működik: http://localhost:3333
✅ 16:05:21 - Szerver működik: http://localhost:3333
✅ 16:05:31 - Szerver működik: http://localhost:3333
✅ 16:05:41 - Szerver működik: http://localhost:3333
✅ 16:05:51 - Szerver működik: http://localhost:3333
✅ 16:06:01 - Szerver működik: http://localhost:3333
✅ 16:06:11 - Szerver működik: http://localhost:3333
✅ 16:06:21 - Szerver működik: http://localhost:3333
✅ 16:06:32 - Szerver működik: http://localhost:3333
✅ 16:06:42 - Szerver működik: http://localhost:3333
✅ 16:06:52 - Szerver működik: http://localhost:3333
✅ 16:07:02 - Szerver működik: http://localhost:3333
✅ 16:07:12 - Szerver működik: http://localhost:3333
✅ 16:07:22 - Szerver működik: http://localhost:3333
✅ 16:07:32 - Szerver működik: http://localhost:3333
✅ 16:07:42 - Szerver működik: http://localhost:3333
✅ 16:07:53 - Szerver működik: http://localhost:3333
✅ 16:08:03 - Szerver működik: http://localhost:3333
✅ 16:08:13 - Szerver működik: http://localhost:3333
✅ 16:08:23 - Szerver működik: http://localhost:3333
✅ 16:08:33 - Szerver működik: http://localhost:3333
✅ 16:08:43 - Szerver működik: http://localhost:3333
✅ 16:08:53 - Szerver működik: http://localhost:3333
✅ 16:09:03 - Szerver működik: http://localhost:3333
✅ 16:09:13 - Szerver működik: http://localhost:3333
✅ 16:09:24 - Szerver működik: http://localhost:3333
✅ 16:09:34 - Szerver működik: http://localhost:3333
✅ 16:09:44 - Szerver működik: http://localhost:3333
✅ 16:09:54 - Szerver működik: http://localhost:3333
✅ 16:10:04 - Szerver működik: http://localhost:3333
✅ 16:10:14 - Szerver működik: http://localhost:3333
✅ 16:10:24 - Szerver működik: http://localhost:3333
✅ 16:10:35 - Szerver működik: http://localhost:3333
✅ 16:10:45 - Szerver működik: http://localhost:3333
✅ 16:10:55 - Szerver működik: http://localhost:3333
✅ 16:11:05 - Szerver működik: http://localhost:3333
✅ 16:11:15 - Szerver működik: http://localhost:3333
✅ 16:11:25 - Szerver működik: http://localhost:3333
✅ 16:11:35 - Szerver működik: http://localhost:3333
✅ 16:11:45 - Szerver működik: http://localhost:3333
✅ 16:11:55 - Szerver működik: http://localhost:3333
✅ 16:12:05 - Szerver működik: http://localhost:3333
✅ 16:12:16 - Szerver működik: http://localhost:3333
✅ 16:12:26 - Szerver működik: http://localhost:3333
✅ 16:12:36 - Szerver működik: http://localhost:3333
✅ 16:12:46 - Szerver működik: http://localhost:3333
✅ 16:12:56 - Szerver működik: http://localhost:3333
✅ 16:13:06 - Szerver működik: http://localhost:3333
✅ 16:13:16 - Szerver működik: http://localhost:3333
✅ 16:13:26 - Szerver működik: http://localhost:3333
✅ 16:13:37 - Szerver működik: http://localhost:3333
✅ 16:13:47 - Szerver működik: http://localhost:3333
✅ 16:13:57 - Szerver működik: http://localhost:3333
✅ 16:14:07 - Szerver működik: http://localhost:3333
✅ 16:14:17 - Szerver működik: http://localhost:3333
✅ 16:14:27 - Szerver működik: http://localhost:3333
✅ 16:14:37 - Szerver működik: http://localhost:3333
✅ 16:14:47 - Szerver működik: http://localhost:3333
✅ 16:14:57 - Szerver működik: http://localhost:3333
✅ 16:15:07 - Szerver működik: http://localhost:3333
✅ 16:15:18 - Szerver működik: http://localhost:3333
✅ 16:15:28 - Szerver működik: http://localhost:3333
✅ 16:15:38 - Szerver működik: http://localhost:3333
✅ 16:15:48 - Szerver működik: http://localhost:3333
✅ 16:15:58 - Szerver működik: http://localhost:3333
✅ 16:16:08 - Szerver működik: http://localhost:3333
✅ 16:16:18 - Szerver működik: http://localhost:3333
✅ 16:16:28 - Szerver működik: http://localhost:3333
✅ 16:16:38 - Szerver működik: http://localhost:3333
✅ 16:16:49 - Szerver működik: http://localhost:3333
✅ 16:16:59 - Szerver működik: http://localhost:3333
✅ 16:17:09 - Szerver működik: http://localhost:3333
✅ 16:17:19 - Szerver működik: http://localhost:3333
✅ 16:17:29 - Szerver működik: http://localhost:3333
✅ 16:17:39 - Szerver működik: http://localhost:3333
✅ 16:17:50 - Szerver működik: http://localhost:3333
✅ 16:18:00 - Szerver működik: http://localhost:3333
✅ 16:18:10 - Szerver működik: http://localhost:3333
✅ 16:18:20 - Szerver működik: http://localhost:3333
✅ 16:18:30 - Szerver működik: http://localhost:3333
✅ 16:18:40 - Szerver működik: http://localhost:3333
✅ 16:18:50 - Szerver működik: http://localhost:3333
✅ 16:19:00 - Szerver működik: http://localhost:3333
✅ 16:19:10 - Szerver működik: http://localhost:3333
✅ 16:19:21 - Szerver működik: http://localhost:3333
✅ 16:19:31 - Szerver működik: http://localhost:3333
✅ 16:19:41 - Szerver működik: http://localhost:3333
✅ 16:19:51 - Szerver működik: http://localhost:3333
✅ 16:20:01 - Szerver működik: http://localhost:3333
❌ Szerver nem válaszol, újraindítás...
🚀 Szerver újraindítva
✅ 16:20:37 - Szerver működik: http://localhost:3333
✅ 16:20:47 - Szerver működik: http://localhost:3333
✅ 16:20:57 - Szerver működik: http://localhost:3333
✅ 16:21:07 - Szerver működik: http://localhost:3333
✅ 16:21:17 - Szerver működik: http://localhost:3333
✅ 16:21:27 - Szerver működik: http://localhost:3333
✅ 16:21:37 - Szerver működik: http://localhost:3333
✅ 16:21:47 - Szerver működik: http://localhost:3333
✅ 16:21:58 - Szerver működik: http://localhost:3333
✅ 16:22:09 - Szerver működik: http://localhost:3333
✅ 16:22:19 - Szerver működik: http://localhost:3333
✅ 16:22:29 - Szerver működik: http://localhost:3333
✅ 16:22:39 - Szerver működik: http://localhost:3333
✅ 16:22:49 - Szerver működik: http://localhost:3333
✅ 16:22:59 - Szerver működik: http://localhost:3333
✅ 16:23:10 - Szerver működik: http://localhost:3333
✅ 16:23:20 - Szerver működik: http://localhost:3333
✅ 16:23:30 - Szerver működik: http://localhost:3333
✅ 16:23:40 - Szerver működik: http://localhost:3333
✅ 16:23:51 - Szerver működik: http://localhost:3333
✅ 16:24:01 - Szerver működik: http://localhost:3333
✅ 16:24:11 - Szerver működik: http://localhost:3333
✅ 16:24:21 - Szerver működik: http://localhost:3333
✅ 16:24:31 - Szerver működik: http://localhost:3333
✅ 16:24:41 - Szerver működik: http://localhost:3333
✅ 16:24:52 - Szerver működik: http://localhost:3333
✅ 16:25:02 - Szerver működik: http://localhost:3333
✅ 16:25:12 - Szerver működik: http://localhost:3333
✅ 16:25:22 - Szerver működik: http://localhost:3333
✅ 16:25:32 - Szerver működik: http://localhost:3333
✅ 16:25:42 - Szerver működik: http://localhost:3333
✅ 16:25:52 - Szerver működik: http://localhost:3333
✅ 16:26:02 - Szerver működik: http://localhost:3333
✅ 16:26:12 - Szerver működik: http://localhost:3333
✅ 16:26:22 - Szerver működik: http://localhost:3333
✅ 16:26:33 - Szerver működik: http://localhost:3333
✅ 16:26:43 - Szerver működik: http://localhost:3333
✅ 16:26:53 - Szerver működik: http://localhost:3333
✅ 16:27:03 - Szerver működik: http://localhost:3333
✅ 16:27:13 - Szerver működik: http://localhost:3333
✅ 16:27:23 - Szerver működik: http://localhost:3333
✅ 16:27:33 - Szerver működik: http://localhost:3333
✅ 16:27:43 - Szerver működik: http://localhost:3333
✅ 16:27:53 - Szerver működik: http://localhost:3333
✅ 16:28:03 - Szerver működik: http://localhost:3333
✅ 16:28:13 - Szerver működik: http://localhost:3333
✅ 16:28:24 - Szerver működik: http://localhost:3333
✅ 16:28:34 - Szerver működik: http://localhost:3333
✅ 16:28:44 - Szerver működik: http://localhost:3333
✅ 16:28:54 - Szerver működik: http://localhost:3333
✅ 16:29:04 - Szerver működik: http://localhost:3333
✅ 16:29:14 - Szerver működik: http://localhost:3333
✅ 16:29:24 - Szerver működik: http://localhost:3333
✅ 16:29:34 - Szerver működik: http://localhost:3333
✅ 16:29:44 - Szerver működik: http://localhost:3333
✅ 16:29:55 - Szerver működik: http://localhost:3333
✅ 16:30:05 - Szerver működik: http://localhost:3333
✅ 16:30:15 - Szerver működik: http://localhost:3333
✅ 16:30:25 - Szerver működik: http://localhost:3333
✅ 16:30:35 - Szerver működik: http://localhost:3333
✅ 16:30:45 - Szerver működik: http://localhost:3333
✅ 16:30:55 - Szerver működik: http://localhost:3333
✅ 16:31:05 - Szerver működik: http://localhost:3333
✅ 16:31:15 - Szerver működik: http://localhost:3333
✅ 16:31:25 - Szerver működik: http://localhost:3333
✅ 16:31:35 - Szerver működik: http://localhost:3333
✅ 16:31:45 - Szerver működik: http://localhost:3333
✅ 16:31:56 - Szerver működik: http://localhost:3333
✅ 16:32:06 - Szerver működik: http://localhost:3333
✅ 16:32:16 - Szerver működik: http://localhost:3333
✅ 16:32:26 - Szerver működik: http://localhost:3333
✅ 16:32:36 - Szerver működik: http://localhost:3333
✅ 16:32:46 - Szerver működik: http://localhost:3333
✅ 16:32:56 - Szerver működik: http://localhost:3333
✅ 16:33:06 - Szerver működik: http://localhost:3333
✅ 16:33:16 - Szerver működik: http://localhost:3333
✅ 16:33:26 - Szerver működik: http://localhost:3333
✅ 16:33:36 - Szerver működik: http://localhost:3333
✅ 16:33:47 - Szerver működik: http://localhost:3333
✅ 16:33:57 - Szerver működik: http://localhost:3333
✅ 16:34:07 - Szerver működik: http://localhost:3333
✅ 16:34:17 - Szerver működik: http://localhost:3333
✅ 16:34:27 - Szerver működik: http://localhost:3333
✅ 16:34:37 - Szerver működik: http://localhost:3333
✅ 16:34:47 - Szerver működik: http://localhost:3333
✅ 16:34:57 - Szerver működik: http://localhost:3333
✅ 16:35:07 - Szerver működik: http://localhost:3333
✅ 16:35:17 - Szerver működik: http://localhost:3333
✅ 16:35:27 - Szerver működik: http://localhost:3333
✅ 16:35:37 - Szerver működik: http://localhost:3333
✅ 16:35:48 - Szerver működik: http://localhost:3333
✅ 16:35:58 - Szerver működik: http://localhost:3333
✅ 16:36:08 - Szerver működik: http://localhost:3333
✅ 16:36:18 - Szerver működik: http://localhost:3333
✅ 16:36:28 - Szerver működik: http://localhost:3333
✅ 16:36:38 - Szerver működik: http://localhost:3333
✅ 16:36:48 - Szerver működik: http://localhost:3333
✅ 16:36:58 - Szerver működik: http://localhost:3333
✅ 16:37:08 - Szerver működik: http://localhost:3333
✅ 16:37:19 - Szerver működik: http://localhost:3333
✅ 16:37:29 - Szerver működik: http://localhost:3333
✅ 16:37:39 - Szerver működik: http://localhost:3333
✅ 16:37:49 - Szerver működik: http://localhost:3333
✅ 16:37:59 - Szerver működik: http://localhost:3333
✅ 16:38:09 - Szerver működik: http://localhost:3333
✅ 16:38:19 - Szerver működik: http://localhost:3333
✅ 16:38:29 - Szerver működik: http://localhost:3333
✅ 16:38:39 - Szerver működik: http://localhost:3333
✅ 16:38:50 - Szerver működik: http://localhost:3333
✅ 16:39:00 - Szerver működik: http://localhost:3333
✅ 16:39:10 - Szerver működik: http://localhost:3333
✅ 16:39:20 - Szerver működik: http://localhost:3333
✅ 16:39:30 - Szerver működik: http://localhost:3333
✅ 16:39:40 - Szerver működik: http://localhost:3333
✅ 16:39:50 - Szerver működik: http://localhost:3333
✅ 16:40:00 - Szerver működik: http://localhost:3333
✅ 16:40:10 - Szerver működik: http://localhost:3333
✅ 16:40:20 - Szerver működik: http://localhost:3333
✅ 16:40:30 - Szerver működik: http://localhost:3333
✅ 16:40:41 - Szerver működik: http://localhost:3333
✅ 16:40:51 - Szerver működik: http://localhost:3333
✅ 16:41:01 - Szerver működik: http://localhost:3333
✅ 16:41:11 - Szerver működik: http://localhost:3333
✅ 16:41:21 - Szerver működik: http://localhost:3333
✅ 16:41:31 - Szerver működik: http://localhost:3333
✅ 16:41:41 - Szerver működik: http://localhost:3333
✅ 16:41:51 - Szerver működik: http://localhost:3333
✅ 16:42:02 - Szerver működik: http://localhost:3333
✅ 16:42:12 - Szerver működik: http://localhost:3333
✅ 16:42:22 - Szerver működik: http://localhost:3333
✅ 16:42:32 - Szerver működik: http://localhost:3333
✅ 16:42:42 - Szerver működik: http://localhost:3333
✅ 16:42:52 - Szerver működik: http://localhost:3333
✅ 16:43:02 - Szerver működik: http://localhost:3333
✅ 16:43:12 - Szerver működik: http://localhost:3333
✅ 16:43:22 - Szerver működik: http://localhost:3333
✅ 16:43:32 - Szerver működik: http://localhost:3333
✅ 16:43:42 - Szerver működik: http://localhost:3333
✅ 16:43:53 - Szerver működik: http://localhost:3333
✅ 16:44:03 - Szerver működik: http://localhost:3333
✅ 16:44:13 - Szerver működik: http://localhost:3333
✅ 16:44:23 - Szerver működik: http://localhost:3333
✅ 16:44:33 - Szerver működik: http://localhost:3333
✅ 16:44:43 - Szerver működik: http://localhost:3333
✅ 16:44:54 - Szerver működik: http://localhost:3333
✅ 16:45:04 - Szerver működik: http://localhost:3333
✅ 16:45:14 - Szerver működik: http://localhost:3333
✅ 16:45:24 - Szerver működik: http://localhost:3333
✅ 16:45:34 - Szerver működik: http://localhost:3333
✅ 16:45:44 - Szerver működik: http://localhost:3333
✅ 16:45:54 - Szerver működik: http://localhost:3333
✅ 16:46:04 - Szerver működik: http://localhost:3333
✅ 16:46:15 - Szerver működik: http://localhost:3333
✅ 16:46:25 - Szerver működik: http://localhost:3333
✅ 16:46:35 - Szerver működik: http://localhost:3333
✅ 16:46:45 - Szerver működik: http://localhost:3333
✅ 16:46:55 - Szerver működik: http://localhost:3333
❌ Szerver nem válaszol, újraindítás...
🚀 Szerver újraindítva
✅ 16:47:33 - Szerver működik: http://localhost:3333
✅ 16:47:44 - Szerver működik: http://localhost:3333
✅ 16:47:54 - Szerver működik: http://localhost:3333
✅ 16:48:04 - Szerver működik: http://localhost:3333
✅ 16:48:14 - Szerver működik: http://localhost:3333
✅ 16:48:24 - Szerver működik: http://localhost:3333
✅ 16:48:34 - Szerver működik: http://localhost:3333
✅ 16:48:44 - Szerver működik: http://localhost:3333
✅ 16:48:54 - Szerver működik: http://localhost:3333
✅ 16:49:05 - Szerver működik: http://localhost:3333
✅ 16:49:15 - Szerver működik: http://localhost:3333
✅ 16:49:25 - Szerver működik: http://localhost:3333
✅ 16:49:35 - Szerver működik: http://localhost:3333
✅ 16:49:45 - Szerver működik: http://localhost:3333
✅ 16:49:55 - Szerver működik: http://localhost:3333
✅ 16:50:05 - Szerver működik: http://localhost:3333
✅ 16:50:15 - Szerver működik: http://localhost:3333
✅ 16:50:26 - Szerver működik: http://localhost:3333
✅ 16:50:36 - Szerver működik: http://localhost:3333
✅ 16:50:46 - Szerver működik: http://localhost:3333
✅ 16:50:56 - Szerver működik: http://localhost:3333
✅ 16:51:06 - Szerver működik: http://localhost:3333
✅ 16:51:16 - Szerver működik: http://localhost:3333
✅ 16:51:26 - Szerver működik: http://localhost:3333
✅ 16:51:36 - Szerver működik: http://localhost:3333
✅ 16:51:47 - Szerver működik: http://localhost:3333
✅ 16:51:57 - Szerver működik: http://localhost:3333
✅ 16:52:07 - Szerver működik: http://localhost:3333
✅ 16:52:17 - Szerver működik: http://localhost:3333
✅ 16:52:27 - Szerver működik: http://localhost:3333
✅ 16:52:37 - Szerver működik: http://localhost:3333
✅ 16:52:47 - Szerver működik: http://localhost:3333
✅ 16:52:57 - Szerver működik: http://localhost:3333
✅ 16:53:07 - Szerver működik: http://localhost:3333
✅ 16:53:17 - Szerver működik: http://localhost:3333
✅ 16:53:28 - Szerver működik: http://localhost:3333
✅ 16:53:38 - Szerver működik: http://localhost:3333
✅ 16:53:48 - Szerver működik: http://localhost:3333
✅ 16:53:58 - Szerver működik: http://localhost:3333
✅ 16:54:08 - Szerver működik: http://localhost:3333
✅ 16:54:18 - Szerver működik: http://localhost:3333
✅ 16:54:28 - Szerver működik: http://localhost:3333
✅ 16:54:38 - Szerver működik: http://localhost:3333
✅ 16:54:48 - Szerver működik: http://localhost:3333
✅ 16:54:58 - Szerver működik: http://localhost:3333
✅ 16:55:09 - Szerver működik: http://localhost:3333
✅ 16:55:19 - Szerver működik: http://localhost:3333
✅ 16:55:29 - Szerver működik: http://localhost:3333
✅ 16:55:39 - Szerver működik: http://localhost:3333
✅ 16:55:49 - Szerver működik: http://localhost:3333
✅ 16:55:59 - Szerver működik: http://localhost:3333
✅ 16:56:10 - Szerver működik: http://localhost:3333
✅ 16:56:20 - Szerver működik: http://localhost:3333
✅ 16:56:30 - Szerver működik: http://localhost:3333
✅ 16:56:40 - Szerver működik: http://localhost:3333
✅ 16:56:50 - Szerver működik: http://localhost:3333
✅ 16:57:00 - Szerver működik: http://localhost:3333
✅ 16:57:10 - Szerver működik: http://localhost:3333
✅ 16:57:20 - Szerver működik: http://localhost:3333
✅ 16:57:31 - Szerver működik: http://localhost:3333
✅ 16:57:41 - Szerver működik: http://localhost:3333
